running egg_info
creating ../build/py05_exercise/py05_exercise.egg-info
writing ../build/py05_exercise/py05_exercise.egg-info/PKG-INFO
writing dependency_links to ../build/py05_exercise/py05_exercise.egg-info/dependency_links.txt
writing entry points to ../build/py05_exercise/py05_exercise.egg-info/entry_points.txt
writing requirements to ../build/py05_exercise/py05_exercise.egg-info/requires.txt
writing top-level names to ../build/py05_exercise/py05_exercise.egg-info/top_level.txt
writing manifest file '../build/py05_exercise/py05_exercise.egg-info/SOURCES.txt'
reading manifest file '../build/py05_exercise/py05_exercise.egg-info/SOURCES.txt'
writing manifest file '../build/py05_exercise/py05_exercise.egg-info/SOURCES.txt'
running build
running build_py
creating /home/li/ros2_projects/turtle_following/build/py05_exercise/build
creating /home/li/ros2_projects/turtle_following/build/py05_exercise/build/lib
creating /home/li/ros2_projects/turtle_following/build/py05_exercise/build/lib/py05_exercise
copying py05_exercise/exer03_tf_listener_py.py -> /home/li/ros2_projects/turtle_following/build/py05_exercise/build/lib/py05_exercise
copying py05_exercise/__init__.py -> /home/li/ros2_projects/turtle_following/build/py05_exercise/build/lib/py05_exercise
copying py05_exercise/exer01_tf_spawn_py.py -> /home/li/ros2_projects/turtle_following/build/py05_exercise/build/lib/py05_exercise
copying py05_exercise/exer02_tf_broadcaster_py.py -> /home/li/ros2_projects/turtle_following/build/py05_exercise/build/lib/py05_exercise
running install
running install_lib
creating /home/li/ros2_projects/turtle_following/install/py05_exercise/lib/python3.10/site-packages/py05_exercise
copying /home/li/ros2_projects/turtle_following/build/py05_exercise/build/lib/py05_exercise/exer03_tf_listener_py.py -> /home/li/ros2_projects/turtle_following/install/py05_exercise/lib/python3.10/site-packages/py05_exercise
copying /home/li/ros2_projects/turtle_following/build/py05_exercise/build/lib/py05_exercise/__init__.py -> /home/li/ros2_projects/turtle_following/install/py05_exercise/lib/python3.10/site-packages/py05_exercise
copying /home/li/ros2_projects/turtle_following/build/py05_exercise/build/lib/py05_exercise/exer01_tf_spawn_py.py -> /home/li/ros2_projects/turtle_following/install/py05_exercise/lib/python3.10/site-packages/py05_exercise
copying /home/li/ros2_projects/turtle_following/build/py05_exercise/build/lib/py05_exercise/exer02_tf_broadcaster_py.py -> /home/li/ros2_projects/turtle_following/install/py05_exercise/lib/python3.10/site-packages/py05_exercise
byte-compiling /home/li/ros2_projects/turtle_following/install/py05_exercise/lib/python3.10/site-packages/py05_exercise/exer03_tf_listener_py.py to exer03_tf_listener_py.cpython-310.pyc
byte-compiling /home/li/ros2_projects/turtle_following/install/py05_exercise/lib/python3.10/site-packages/py05_exercise/__init__.py to __init__.cpython-310.pyc
byte-compiling /home/li/ros2_projects/turtle_following/install/py05_exercise/lib/python3.10/site-packages/py05_exercise/exer01_tf_spawn_py.py to exer01_tf_spawn_py.cpython-310.pyc
byte-compiling /home/li/ros2_projects/turtle_following/install/py05_exercise/lib/python3.10/site-packages/py05_exercise/exer02_tf_broadcaster_py.py to exer02_tf_broadcaster_py.cpython-310.pyc
running install_data
creating /home/li/ros2_projects/turtle_following/install/py05_exercise/share/ament_index
creating /home/li/ros2_projects/turtle_following/install/py05_exercise/share/ament_index/resource_index
creating /home/li/ros2_projects/turtle_following/install/py05_exercise/share/ament_index/resource_index/packages
copying resource/py05_exercise -> /home/li/ros2_projects/turtle_following/install/py05_exercise/share/ament_index/resource_index/packages
copying package.xml -> /home/li/ros2_projects/turtle_following/install/py05_exercise/share/py05_exercise
creating /home/li/ros2_projects/turtle_following/install/py05_exercise/share/py05_exercise/launch
copying launch/exer01_turtle_follow.launch.xml -> /home/li/ros2_projects/turtle_following/install/py05_exercise/share/py05_exercise/launch
running install_egg_info
Copying ../build/py05_exercise/py05_exercise.egg-info to /home/li/ros2_projects/turtle_following/install/py05_exercise/lib/python3.10/site-packages/py05_exercise-0.0.0-py3.10.egg-info
running install_scripts
Installing exer01_tf_spawn_py script to /home/li/ros2_projects/turtle_following/install/py05_exercise/lib/py05_exercise
Installing exer02_tf_broadcaster_py script to /home/li/ros2_projects/turtle_following/install/py05_exercise/lib/py05_exercise
Installing exer03_tf_listener_py script to /home/li/ros2_projects/turtle_following/install/py05_exercise/lib/py05_exercise
writing list of installed files to '/home/li/ros2_projects/turtle_following/build/py05_exercise/install.log'
