/home/li/ros2_projects/turtle_following/install/py05_exercise/lib/python3.10/site-packages/py05_exercise/exer03_tf_listener_py.py
/home/li/ros2_projects/turtle_following/install/py05_exercise/lib/python3.10/site-packages/py05_exercise/__init__.py
/home/li/ros2_projects/turtle_following/install/py05_exercise/lib/python3.10/site-packages/py05_exercise/exer01_tf_spawn_py.py
/home/li/ros2_projects/turtle_following/install/py05_exercise/lib/python3.10/site-packages/py05_exercise/exer02_tf_broadcaster_py.py
/home/li/ros2_projects/turtle_following/install/py05_exercise/lib/python3.10/site-packages/py05_exercise/__pycache__/exer03_tf_listener_py.cpython-310.pyc
/home/li/ros2_projects/turtle_following/install/py05_exercise/lib/python3.10/site-packages/py05_exercise/__pycache__/__init__.cpython-310.pyc
/home/li/ros2_projects/turtle_following/install/py05_exercise/lib/python3.10/site-packages/py05_exercise/__pycache__/exer01_tf_spawn_py.cpython-310.pyc
/home/li/ros2_projects/turtle_following/install/py05_exercise/lib/python3.10/site-packages/py05_exercise/__pycache__/exer02_tf_broadcaster_py.cpython-310.pyc
/home/li/ros2_projects/turtle_following/install/py05_exercise/share/ament_index/resource_index/packages/py05_exercise
/home/li/ros2_projects/turtle_following/install/py05_exercise/share/py05_exercise/package.xml
/home/li/ros2_projects/turtle_following/install/py05_exercise/share/py05_exercise/launch/exer01_turtle_follow.launch.xml
/home/li/ros2_projects/turtle_following/install/py05_exercise/lib/python3.10/site-packages/py05_exercise-0.0.0-py3.10.egg-info/top_level.txt
/home/li/ros2_projects/turtle_following/install/py05_exercise/lib/python3.10/site-packages/py05_exercise-0.0.0-py3.10.egg-info/requires.txt
/home/li/ros2_projects/turtle_following/install/py05_exercise/lib/python3.10/site-packages/py05_exercise-0.0.0-py3.10.egg-info/entry_points.txt
/home/li/ros2_projects/turtle_following/install/py05_exercise/lib/python3.10/site-packages/py05_exercise-0.0.0-py3.10.egg-info/SOURCES.txt
/home/li/ros2_projects/turtle_following/install/py05_exercise/lib/python3.10/site-packages/py05_exercise-0.0.0-py3.10.egg-info/dependency_links.txt
/home/li/ros2_projects/turtle_following/install/py05_exercise/lib/python3.10/site-packages/py05_exercise-0.0.0-py3.10.egg-info/zip-safe
/home/li/ros2_projects/turtle_following/install/py05_exercise/lib/python3.10/site-packages/py05_exercise-0.0.0-py3.10.egg-info/PKG-INFO
/home/li/ros2_projects/turtle_following/install/py05_exercise/lib/py05_exercise/exer01_tf_spawn_py
/home/li/ros2_projects/turtle_following/install/py05_exercise/lib/py05_exercise/exer02_tf_broadcaster_py
/home/li/ros2_projects/turtle_following/install/py05_exercise/lib/py05_exercise/exer03_tf_listener_py
